#
# A fatal error has been detected by the Java Runtime Environment:
#
#  SIGSEGV (0xb) at pc=0x0000000111026735, pid=729, tid=0x0000000000003603
#
# JRE version: OpenJDK Runtime Environment (8.0_112-b06) (build 1.8.0_112-release-b06)
# Java VM: OpenJDK 64-Bit Server VM (25.112-b06 mixed mode bsd-amd64 compressed oops)
# Problematic frame:
# V  [libjvm.dylib+0x426735]  MethodData::clean_method_data(BoolObjectClosure*)+0xd
#
# Failed to write core dump. Core dumps have been disabled. To enable core dumping, try "ulimit -c unlimited" before starting Java again
#
# If you would like to submit a bug report, please visit:
#   http://bugreport.java.com/bugreport/crash.jsp
#

---------------  T H R E A D  ---------------

Current thread (0x00007fda49026800):  VMThread [stack: 0x0000700006f29000,0x0000700007029000] [id=13827]

siginfo: si_signo: 11 (SIGSEGV), si_code: 1 (SEGV_MAPERR), si_addr: 0x00000000000800f8

Registers:
RAX=0x000000012b180108, RBX=0x000000011148be90, RCX=0x00007fda572dfc00, RDX=0x000000000000013c
RSP=0x0000700007028570, RBP=0x0000700007028590, RSI=0x000000011148be90, RDI=0x0000000000080000
R8 =0x00000001113e4470, R9 =0xffffffff00000000, R10=0x00000001113e4468, R11=0x00000001113e4470
R12=0x00000007c02df1a8, R13=0x00000007c02df6b8, R14=0x00000007c02df380, R15=0x0000000000000008
RIP=0x0000000111026735, EFLAGS=0x0000000000010202, ERR=0x0000000000000004
  TRAPNO=0x000000000000000e

Top of Stack: (sp=0x0000700007028570)
0x0000700007028570:   00000007c02df9f0 000000011148be90
0x0000700007028580:   00000007c02df380 0000000000000008
0x0000700007028590:   00007000070285c0 0000000110eac7c8
0x00007000070285a0:   00007000070285c0 000000011148be90
0x00007000070285b0:   00000007c02df380 00000007c02df380
0x00007000070285c0:   00007000070285e0 0000000110eac861
0x00007000070285d0:   000000011148be90 0000700007028600
0x00007000070285e0:   0000700007028670 0000000110f83ad2
0x00007000070285f0:   000000011147b510 0000000107028580
0x0000700007028600:   00000001113e0f30 00000000000001fe
0x0000700007028610:   ffffffffffffff00 0000000000000004
0x0000700007028620:   000000000000013e 00000000000001fe
0x0000700007028630:   0000000000000000 00007fda572dfc00
0x0000700007028640:   0000000000000000 0000700007028740
0x0000700007028650:   0000000000000000 00007fda3a8d6ba0
0x0000700007028660:   000000011148be90 0000700007028788
0x0000700007028670:   0000700007028800 0000000111094a86
0x0000700007028680:   000000011148c110 000000000000001b
0x0000700007028690:   000000000000011e 0000000000002fb3
0x00007000070286a0:   000000000000028c 000000000000000b
0x00007000070286b0:   00000001111accd6 0000000000000080
0x00007000070286c0:   0000700007028700 00007fff6a6d457a
0x00007000070286d0:   00007000070287c8 000000000000011e
0x00007000070286e0:   0000000000002fb3 000000000000028c
0x00007000070286f0:   000000000000000b 00000001111db541
0x0000700007028700:   0000700007020100 000000011148c110
0x0000700007028710:   000003822451fcd0 0000000111090a01
0x0000700007028720:   00000001111db538 0000000111090100
0x0000700007028730:   000000011148c110 00000382223c8633
0x0000700007028740:   00000001111acd01 00007fda48800100
0x0000700007028750:   000000011148c110 00000382246482b7
0x0000700007028760:   000000011147ae80 00007fda488055d0 

Instructions: (pc=0x0000000111026735)
0x0000000111026715:   ff 48 81 c4 08 01 00 00 5b 41 5c 41 5d 41 5e 41
0x0000000111026725:   5f 5d c3 55 48 89 e5 41 57 41 56 53 48 83 ec 08
0x0000000111026735:   83 bf f8 00 00 00 00 48 89 f3 49 89 fe 7e 36 49
0x0000000111026745:   8d be 00 01 00 00 e8 f4 fa ff ff 48 85 c0 74 25 

Register to memory mapping:

RAX=0x000000012b180108 is pointing into metadata
RBX=0x000000011148be90: _ZN17PSParallelCompact17_is_alive_closureE+0 in /Applications/Android Studio.app/Contents/jre/jdk/Contents/Home/jre/lib/server/libjvm.dylib at 0x0000000110c00000
RCX=0x00007fda572dfc00 is an unknown value
RDX=0x000000000000013c is an unknown value
RSP=0x0000700007028570 is an unknown value
RBP=0x0000700007028590 is an unknown value
RSI=0x000000011148be90: _ZN17PSParallelCompact17_is_alive_closureE+0 in /Applications/Android Studio.app/Contents/jre/jdk/Contents/Home/jre/lib/server/libjvm.dylib at 0x0000000110c00000
RDI=0x0000000000080000 is an unknown value
R8 =0x00000001113e4470: _ZL8tc_mutex+0x20 in /Applications/Android Studio.app/Contents/jre/jdk/Contents/Home/jre/lib/server/libjvm.dylib at 0x0000000110c00000
R9 =0xffffffff00000000 is an unknown value
R10=0x00000001113e4468: _ZL8tc_mutex+0x18 in /Applications/Android Studio.app/Contents/jre/jdk/Contents/Home/jre/lib/server/libjvm.dylib at 0x0000000110c00000
R11=0x00000001113e4470: _ZL8tc_mutex+0x20 in /Applications/Android Studio.app/Contents/jre/jdk/Contents/Home/jre/lib/server/libjvm.dylib at 0x0000000110c00000
R12=0x00000007c02df1a8 is pointing into metadata
R13=0x00000007c02df6b8 is pointing into metadata
R14=0x00000007c02df380 is pointing into metadata
R15=0x0000000000000008 is an unknown value


Stack: [0x0000700006f29000,0x0000700007029000],  sp=0x0000700007028570,  free space=1021k
Native frames: (J=compiled Java code, j=interpreted, Vv=VM code, C=native code)
V  [libjvm.dylib+0x426735]  MethodData::clean_method_data(BoolObjectClosure*)+0xd
V  [libjvm.dylib+0x2ac7c8]  InstanceKlass::clean_method_data(BoolObjectClosure*)+0x38
V  [libjvm.dylib+0x2ac861]  InstanceKlass::clean_weak_instanceklass_links(BoolObjectClosure*)+0x23
V  [libjvm.dylib+0x383ad2]  Klass::clean_weak_klass_links(BoolObjectClosure*, bool)+0x12c
V  [libjvm.dylib+0x494a86]  PSParallelCompact::marking_phase(ParCompactionManager*, bool, ParallelOldTracer*)+0x544
V  [libjvm.dylib+0x495f46]  PSParallelCompact::invoke_no_policy(bool)+0x406
V  [libjvm.dylib+0x49a4f4]  PSScavenge::invoke()+0xd6
V  [libjvm.dylib+0x46d3e5]  ParallelScavengeHeap::failed_mem_allocate(unsigned long)+0x27
V  [libjvm.dylib+0x57f59c]  VM_ParallelGCFailedAllocation::doit()+0x4a
V  [libjvm.dylib+0x5856ed]  VM_Operation::evaluate()+0x4f
V  [libjvm.dylib+0x58410f]  VMThread::evaluate_operation(VM_Operation*)+0xdf
V  [libjvm.dylib+0x58455c]  VMThread::loop()+0x328
V  [libjvm.dylib+0x583e7b]  VMThread::run()+0x79
V  [libjvm.dylib+0x45bf0a]  java_start(Thread*)+0xf6
C  [libsystem_pthread.dylib+0x36c1]  _pthread_body+0x154
C  [libsystem_pthread.dylib+0x356d]  _pthread_body+0x0
C  [libsystem_pthread.dylib+0x2c5d]  thread_start+0xd

VM_Operation (0x0000700007e4ea58): ParallelGCFailedAllocation, mode: safepoint, requested by thread 0x00007fda3a32e000


---------------  P R O C E S S  ---------------

Java Threads: ( => current thread )
  0x00007fda3e062800 JavaThread "pool-17-thread-1" [_thread_blocked, id=35367, stack(0x0000700008390000,0x0000700008490000)]
  0x00007fda3c7f0800 JavaThread "Cache update executor" [_thread_blocked, id=38427, stack(0x000070000828d000,0x000070000838d000)]
  0x00007fda3d239000 JavaThread "Stdin handler" [_thread_blocked, id=36891, stack(0x000070000805c000,0x000070000815c000)]
  0x00007fda55bb1000 JavaThread "Asynchronous log dispatcher for DefaultDaemonConnection: socket connection from /127.0.0.1:50651 to /127.0.0.1:58863" [_thread_blocked, id=24091, stack(0x0000700007f59000,0x0000700008059000)]
  0x00007fda3c846000 JavaThread "Cancel handler" [_thread_blocked, id=22291, stack(0x0000700007c50000,0x0000700007d50000)]
  0x00007fda4956f800 JavaThread "Handler for socket connection from /127.0.0.1:50651 to /127.0.0.1:58863" [_thread_in_native, id=35095, stack(0x0000700007b4d000,0x0000700007c4d000)]
  0x00007fda3adf9800 JavaThread "process reaper" daemon [_thread_blocked, id=35607, stack(0x0000700006508000,0x0000700006530000)]
  0x00007fda3a32e000 JavaThread "Daemon worker Thread 5" [_thread_blocked, id=22547, stack(0x0000700007d53000,0x0000700007e53000)]
  0x00007fda3a32c000 JavaThread "Daemon Thread 5" [_thread_blocked, id=4367, stack(0x0000700007a4a000,0x0000700007b4a000)]
  0x00007fda4824f000 JavaThread "File lock request listener" [_thread_in_native, id=26887, stack(0x000070000818a000,0x000070000828a000)]
  0x00007fda494d4800 JavaThread "pool-1-thread-1" [_thread_blocked, id=24327, stack(0x0000700007e56000,0x0000700007f56000)]
  0x00007fda4a2b8800 JavaThread "Incoming local TCP Connector on port 50651" [_thread_in_native, id=21763, stack(0x0000700007947000,0x0000700007a47000)]
  0x00007fda4a810000 JavaThread "Service Thread" daemon [_thread_blocked, id=20739, stack(0x0000700007741000,0x0000700007841000)]
  0x00007fda4a808800 JavaThread "C1 CompilerThread3" daemon [_thread_blocked, id=20227, stack(0x000070000763e000,0x000070000773e000)]
  0x00007fda4a01d800 JavaThread "C2 CompilerThread2" daemon [_thread_blocked, id=19715, stack(0x000070000753b000,0x000070000763b000)]
  0x00007fda4a007000 JavaThread "C2 CompilerThread1" daemon [_thread_blocked, id=19203, stack(0x0000700007438000,0x0000700007538000)]
  0x00007fda49028000 JavaThread "C2 CompilerThread0" daemon [_thread_blocked, id=18691, stack(0x0000700007335000,0x0000700007435000)]
  0x00007fda48058000 JavaThread "Signal Dispatcher" daemon [_thread_blocked, id=18183, stack(0x0000700007232000,0x0000700007332000)]
  0x00007fda4a806000 JavaThread "Finalizer" daemon [_thread_blocked, id=14851, stack(0x000070000712f000,0x000070000722f000)]
  0x00007fda48042000 JavaThread "Reference Handler" daemon [_thread_blocked, id=14339, stack(0x000070000702c000,0x000070000712c000)]
  0x00007fda4800d000 JavaThread "main" [_thread_blocked, id=6659, stack(0x000070000660e000,0x000070000670e000)]

Other Threads:
=>0x00007fda49026800 VMThread [stack: 0x0000700006f29000,0x0000700007029000] [id=13827]
  0x00007fda4a813800 WatcherThread [stack: 0x0000700007844000,0x0000700007944000] [id=21251]

VM state:at safepoint (normal execution)

VM Mutex/Monitor currently owned by a thread:  ([mutex/lock_event])
[0x00007fda47d11df0] Threads_lock - owner thread: 0x00007fda49026800
[0x00007fda47d122f0] Heap_lock - owner thread: 0x00007fda3a32e000

Heap:
 PSYoungGen      total 348160K, used 129563K [0x00000007a0000000, 0x00000007c0000000, 0x00000007c0000000)
  eden space 218112K, 0% used [0x00000007a0000000,0x00000007a0000000,0x00000007ad500000)
  from space 130048K, 99% used [0x00000007ad500000,0x00000007b5386f30,0x00000007b5400000)
  to   space 169984K, 0% used [0x00000007b5a00000,0x00000007b5a00000,0x00000007c0000000)
 ParOldGen       total 377856K, used 328851K [0x0000000760000000, 0x0000000777100000, 0x00000007a0000000)
  object space 377856K, 87% used [0x0000000760000000,0x0000000774124fa8,0x0000000777100000)
 Metaspace       used 99719K, capacity 103442K, committed 104576K, reserved 1140736K
  class space    used 12582K, capacity 13199K, committed 13440K, reserved 1048576K

Card table byte_map: [0x0000000111ac7000,0x0000000111dc8000] byte_map_base: 0x000000010dfc7000

Marking Bits: (ParMarkBitMap*) 0x000000011148bed0
 Begin Bits: [0x0000000111fc8000, 0x00000001137c8000)
 End Bits:   [0x00000001137c8000, 0x0000000114fc8000)

Polling page: 0x000000010fbb9000

CodeCache: size=245760Kb used=57318Kb max_used=57339Kb free=188441Kb
 bounds [0x0000000117960000, 0x000000011b1c0000, 0x0000000126960000]
 total_blobs=17698 nmethods=16852 adapters=755
 compilation: enabled

Compilation events (10 events):
Event: 3857.148 Thread 0x00007fda4a01d800 21535       4       sun.util.locale.provider.CalendarProviderImpl::getInstance (25 bytes)
Event: 3857.150 Thread 0x00007fda4a01d800 nmethod 21535 0x000000011ae6d550 code [0x000000011ae6d6c0, 0x000000011ae6d868]
Event: 3857.150 Thread 0x00007fda4a01d800 21536       4       java.util.GregorianCalendar::<init> (56 bytes)
Event: 3857.153 Thread 0x00007fda4a007000 nmethod 21534 0x000000011a109550 code [0x000000011a109760, 0x000000011a109ef0]
Event: 3857.153 Thread 0x00007fda4a007000 21537       4       java.util.TreeMap::deleteEntry (246 bytes)
Event: 3857.158 Thread 0x00007fda4a007000 nmethod 21537 0x000000011ae6ba90 code [0x000000011ae6bc00, 0x000000011ae6be98]
Event: 3857.158 Thread 0x00007fda4a007000 21538       4       com.google.common.io.ByteStreams::copy (53 bytes)
Event: 3857.161 Thread 0x00007fda4a007000 nmethod 21538 0x000000011ae6b5d0 code [0x000000011ae6b720, 0x000000011ae6b8d8]
Event: 3857.162 Thread 0x00007fda4a01d800 nmethod 21536 0x000000011a107f90 code [0x000000011a108160, 0x000000011a1089c8]
Event: 3857.182 Thread 0x00007fda49028000 nmethod 21499 0x000000011b1b2d50 code [0x000000011b1b3120, 0x000000011b1b5700]

GC Heap History (10 events):
Event: 3852.391 GC heap after
Heap after GC invocations=23 (full 4):
 PSYoungGen      total 405504K, used 48890K [0x00000007a0000000, 0x00000007bfe80000, 0x00000007c0000000)
  eden space 294400K, 0% used [0x00000007a0000000,0x00000007a0000000,0x00000007b1f80000)
  from space 111104K, 44% used [0x00000007b1f80000,0x00000007b4f3e9e8,0x00000007b8c00000)
  to   space 107520K, 0% used [0x00000007b9580000,0x00000007b9580000,0x00000007bfe80000)
 ParOldGen       total 377856K, used 249920K [0x0000000760000000, 0x0000000777100000, 0x00000007a0000000)
  object space 377856K, 66% used [0x0000000760000000,0x000000076f4103e0,0x0000000777100000)
 Metaspace       used 99205K, capacity 102924K, committed 104064K, reserved 1140736K
  class space    used 12582K, capacity 13198K, committed 13440K, reserved 1048576K
}
Event: 3853.719 GC heap before
{Heap before GC invocations=24 (full 4):
 PSYoungGen      total 405504K, used 343290K [0x00000007a0000000, 0x00000007bfe80000, 0x00000007c0000000)
  eden space 294400K, 100% used [0x00000007a0000000,0x00000007b1f80000,0x00000007b1f80000)
  from space 111104K, 44% used [0x00000007b1f80000,0x00000007b4f3e9e8,0x00000007b8c00000)
  to   space 107520K, 0% used [0x00000007b9580000,0x00000007b9580000,0x00000007bfe80000)
 ParOldGen       total 377856K, used 249920K [0x0000000760000000, 0x0000000777100000, 0x00000007a0000000)
  object space 377856K, 66% used [0x0000000760000000,0x000000076f4103e0,0x0000000777100000)
 Metaspace       used 99690K, capacity 103436K, committed 104576K, reserved 1140736K
  class space    used 12582K, capacity 13198K, committed 13440K, reserved 1048576K
Event: 3853.757 GC heap after
Heap after GC invocations=24 (full 4):
 PSYoungGen      total 409600K, used 68454K [0x00000007a0000000, 0x00000007c0000000, 0x00000007c0000000)
  eden space 302080K, 0% used [0x00000007a0000000,0x00000007a0000000,0x00000007b2700000)
  from space 107520K, 63% used [0x00000007b9580000,0x00000007bd859bf8,0x00000007bfe80000)
  to   space 111104K, 0% used [0x00000007b2700000,0x00000007b2700000,0x00000007b9380000)
 ParOldGen       total 377856K, used 249928K [0x0000000760000000, 0x0000000777100000, 0x00000007a0000000)
  object space 377856K, 66% used [0x0000000760000000,0x000000076f4123e0,0x0000000777100000)
 Metaspace       used 99690K, capacity 103436K, committed 104576K, reserved 1140736K
  class space    used 12582K, capacity 13198K, committed 13440K, reserved 1048576K
}
Event: 3854.699 GC heap before
{Heap before GC invocations=25 (full 4):
 PSYoungGen      total 409600K, used 370534K [0x00000007a0000000, 0x00000007c0000000, 0x00000007c0000000)
  eden space 302080K, 100% used [0x00000007a0000000,0x00000007b2700000,0x00000007b2700000)
  from space 107520K, 63% used [0x00000007b9580000,0x00000007bd859bf8,0x00000007bfe80000)
  to   space 111104K, 0% used [0x00000007b2700000,0x00000007b2700000,0x00000007b9380000)
 ParOldGen       total 377856K, used 249928K [0x0000000760000000, 0x0000000777100000, 0x00000007a0000000)
  object space 377856K, 66% used [0x0000000760000000,0x000000076f4123e0,0x0000000777100000)
 Metaspace       used 99691K, capacity 103436K, committed 104576K, reserved 1140736K
  class space    used 12582K, capacity 13198K, committed 13440K, reserved 1048576K
Event: 3854.747 GC heap after
Heap after GC invocations=25 (full 4):
 PSYoungGen      total 373760K, used 71672K [0x00000007a0000000, 0x00000007c0000000, 0x00000007c0000000)
  eden space 302080K, 0% used [0x00000007a0000000,0x00000007a0000000,0x00000007b2700000)
  from space 71680K, 99% used [0x00000007b2700000,0x00000007b6cfe0c0,0x00000007b6d00000)
  to   space 115200K, 0% used [0x00000007b8f80000,0x00000007b8f80000,0x00000007c0000000)
 ParOldGen       total 377856K, used 253745K [0x0000000760000000, 0x0000000777100000, 0x00000007a0000000)
  object space 377856K, 67% used [0x0000000760000000,0x000000076f7cc460,0x0000000777100000)
 Metaspace       used 99691K, capacity 103436K, committed 104576K, reserved 1140736K
  class space    used 12582K, capacity 13198K, committed 13440K, reserved 1048576K
}
Event: 3856.171 GC heap before
{Heap before GC invocations=26 (full 4):
 PSYoungGen      total 373760K, used 373752K [0x00000007a0000000, 0x00000007c0000000, 0x00000007c0000000)
  eden space 302080K, 100% used [0x00000007a0000000,0x00000007b2700000,0x00000007b2700000)
  from space 71680K, 99% used [0x00000007b2700000,0x00000007b6cfe0c0,0x00000007b6d00000)
  to   space 115200K, 0% used [0x00000007b8f80000,0x00000007b8f80000,0x00000007c0000000)
 ParOldGen       total 377856K, used 253745K [0x0000000760000000, 0x0000000777100000, 0x00000007a0000000)
  object space 377856K, 67% used [0x0000000760000000,0x000000076f7cc460,0x0000000777100000)
 Metaspace       used 99695K, capacity 103436K, committed 104576K, reserved 1140736K
  class space    used 12582K, capacity 13198K, committed 13440K, reserved 1048576K
Event: 3856.265 GC heap after
Heap after GC invocations=26 (full 4):
 PSYoungGen      total 333312K, used 115185K [0x00000007a0000000, 0x00000007c0000000, 0x00000007c0000000)
  eden space 218112K, 0% used [0x00000007a0000000,0x00000007a0000000,0x00000007ad500000)
  from space 115200K, 99% used [0x00000007b8f80000,0x00000007bfffc7b0,0x00000007c0000000)
  to   space 153088K, 0% used [0x00000007ad500000,0x00000007ad500000,0x00000007b6a80000)
 ParOldGen       total 377856K, used 306744K [0x0000000760000000, 0x0000000777100000, 0x00000007a0000000)
  object space 377856K, 81% used [0x0000000760000000,0x0000000772b8e270,0x0000000777100000)
 Metaspace       used 99695K, capacity 103436K, committed 104576K, reserved 1140736K
  class space    used 12582K, capacity 13198K, committed 13440K, reserved 1048576K
}
Event: 3857.391 GC heap before
{Heap before GC invocations=27 (full 4):
 PSYoungGen      total 333312K, used 327120K [0x00000007a0000000, 0x00000007c0000000, 0x00000007c0000000)
  eden space 218112K, 97% used [0x00000007a0000000,0x00000007acef7940,0x00000007ad500000)
  from space 115200K, 99% used [0x00000007b8f80000,0x00000007bfffc7b0,0x00000007c0000000)
  to   space 153088K, 0% used [0x00000007ad500000,0x00000007ad500000,0x00000007b6a80000)
 ParOldGen       total 377856K, used 306744K [0x0000000760000000, 0x0000000777100000, 0x00000007a0000000)
  object space 377856K, 81% used [0x0000000760000000,0x0000000772b8e270,0x0000000777100000)
 Metaspace       used 99719K, capacity 103442K, committed 104576K, reserved 1140736K
  class space    used 12582K, capacity 13199K, committed 13440K, reserved 1048576K
Event: 3857.455 GC heap after
Heap after GC invocations=27 (full 4):
 PSYoungGen      total 348160K, used 129563K [0x00000007a0000000, 0x00000007c0000000, 0x00000007c0000000)
  eden space 218112K, 0% used [0x00000007a0000000,0x00000007a0000000,0x00000007ad500000)
  from space 130048K, 99% used [0x00000007ad500000,0x00000007b5386f30,0x00000007b5400000)
  to   space 169984K, 0% used [0x00000007b5a00000,0x00000007b5a00000,0x00000007c0000000)
 ParOldGen       total 377856K, used 328851K [0x0000000760000000, 0x0000000777100000, 0x00000007a0000000)
  object space 377856K, 87% used [0x0000000760000000,0x0000000774124fa8,0x0000000777100000)
 Metaspace       used 99719K, capacity 103442K, committed 104576K, reserved 1140736K
  class space    used 12582K, capacity 13199K, committed 13440K, reserved 1048576K
}
Event: 3857.455 GC heap before
{Heap before GC invocations=28 (full 5):
 PSYoungGen      total 348160K, used 129563K [0x00000007a0000000, 0x00000007c0000000, 0x00000007c0000000)
  eden space 218112K, 0% used [0x00000007a0000000,0x00000007a0000000,0x00000007ad500000)
  from space 130048K, 99% used [0x00000007ad500000,0x00000007b5386f30,0x00000007b5400000)
  to   space 169984K, 0% used [0x00000007b5a00000,0x00000007b5a00000,0x00000007c0000000)
 ParOldGen       total 377856K, used 328851K [0x0000000760000000, 0x0000000777100000, 0x00000007a0000000)
  object space 377856K, 87% used [0x0000000760000000,0x0000000774124fa8,0x0000000777100000)
 Metaspace       used 99719K, capacity 103442K, committed 104576K, reserved 1140736K
  class space    used 12582K, capacity 13199K, committed 13440K, reserved 1048576K

Deoptimization events (10 events):
Event: 3855.452 Thread 0x00007fda4e88f000 Uncommon trap: reason=unstable_if action=reinterpret pc=0x000000011a5a687c method=com.android.jack.dx.dex.file.DexFile.prepare(Ljava/util/Collection;Ljava/util/Collection;Ljava/util/Collection;Ljava/util/Collection;Ljava/util/Collection;)V @ 145
Event: 3855.808 Thread 0x00007fda4e88f000 Uncommon trap: reason=class_check action=maybe_recompile pc=0x000000011ab1b09c method=com.android.jack.dx.dex.file.ValueEncoder.writeConstant(Lcom/android/jack/dx/rop/cst/Constant;)V @ 105
Event: 3855.808 Thread 0x00007fda4e88f000 Uncommon trap: reason=class_check action=maybe_recompile pc=0x000000011ab1b09c method=com.android.jack.dx.dex.file.ValueEncoder.writeConstant(Lcom/android/jack/dx/rop/cst/Constant;)V @ 105
Event: 3855.808 Thread 0x00007fda4e88f000 Uncommon trap: reason=class_check action=maybe_recompile pc=0x000000011ab1b09c method=com.android.jack.dx.dex.file.ValueEncoder.writeConstant(Lcom/android/jack/dx/rop/cst/Constant;)V @ 105
Event: 3855.808 Thread 0x00007fda4e88f000 Uncommon trap: reason=class_check action=maybe_recompile pc=0x000000011ab1b09c method=com.android.jack.dx.dex.file.ValueEncoder.writeConstant(Lcom/android/jack/dx/rop/cst/Constant;)V @ 105
Event: 3856.354 Thread 0x00007fda4e88f000 Uncommon trap: reason=class_check action=maybe_recompile pc=0x00000001194183d4 method=java.io.BufferedOutputStream.write([BII)V @ 20
Event: 3857.015 Thread 0x00007fda3a32e000 Uncommon trap: reason=unstable_if action=reinterpret pc=0x000000011ac5a854 method=com.google.gson.stream.JsonReader.nextQuotedValue(C)Ljava/lang/String; @ 81
Event: 3857.015 Thread 0x00007fda3a32e000 Uncommon trap: reason=unstable_if action=reinterpret pc=0x000000011abefd48 method=com.google.gson.stream.JsonReader.nextQuotedValue(C)Ljava/lang/String; @ 81
Event: 3857.016 Thread 0x00007fda3a32e000 Uncommon trap: reason=unstable_if action=reinterpret pc=0x000000011ac7e950 method=com.google.gson.stream.JsonWriter.newline()V @ 4
Event: 3857.016 Thread 0x00007fda3a32e000 Uncommon trap: reason=unstable_if action=reinterpret pc=0x000000011ac6f31c method=com.google.gson.stream.JsonWriter.string(Ljava/lang/String;)V @ 4

Internal exceptions (10 events):
Event: 3851.361 Thread 0x00007fda3a32e000 Exception <a 'java/lang/ArrayIndexOutOfBoundsException': 241> (0x00000007a7862190) thrown at [/Volumes/Android_AOSP/AOSP-openjdk/external/jetbrains/jdk/hotspot/src/share/vm/interpreter/interpreterRuntime.cpp, line 366]
Event: 3851.362 Thread 0x00007fda3a32e000 Exception <a 'java/lang/ArrayIndexOutOfBoundsException': 451> (0x00000007a787e0e8) thrown at [/Volumes/Android_AOSP/AOSP-openjdk/external/jetbrains/jdk/hotspot/src/share/vm/interpreter/interpreterRuntime.cpp, line 366]
Event: 3851.363 Thread 0x00007fda3a32e000 Exception <a 'java/lang/ArrayIndexOutOfBoundsException': 2715> (0x00000007a78824f0) thrown at [/Volumes/Android_AOSP/AOSP-openjdk/external/jetbrains/jdk/hotspot/src/share/vm/interpreter/interpreterRuntime.cpp, line 366]
Event: 3851.364 Thread 0x00007fda3a32e000 Exception <a 'java/lang/ArrayIndexOutOfBoundsException': 245> (0x00000007a78858c8) thrown at [/Volumes/Android_AOSP/AOSP-openjdk/external/jetbrains/jdk/hotspot/src/share/vm/interpreter/interpreterRuntime.cpp, line 366]
Event: 3851.365 Thread 0x00007fda3a32e000 Exception <a 'java/lang/ArrayIndexOutOfBoundsException': 247> (0x00000007a78939f8) thrown at [/Volumes/Android_AOSP/AOSP-openjdk/external/jetbrains/jdk/hotspot/src/share/vm/interpreter/interpreterRuntime.cpp, line 366]
Event: 3851.368 Thread 0x00007fda3a32e000 Exception <a 'java/lang/ArrayIndexOutOfBoundsException': 15252> (0x00000007a78b2060) thrown at [/Volumes/Android_AOSP/AOSP-openjdk/external/jetbrains/jdk/hotspot/src/share/vm/interpreter/interpreterRuntime.cpp, line 366]
Event: 3853.369 Thread 0x00007fda4e88f000 Implicit null exception at 0x000000011aad52dc to 0x000000011aad75a9
Event: 3853.422 Thread 0x00007fda4ed83800 Implicit null exception at 0x000000011aaa3eac to 0x000000011aaa4bdd
Event: 3855.277 Thread 0x00007fda4e88f000 Implicit null exception at 0x000000011a583afb to 0x000000011a584491
Event: 3855.452 Thread 0x00007fda4e88f000 Implicit null exception at 0x000000011a5a6091 to 0x000000011a5a6855

Events (10 events):
Event: 3857.123 Thread 0x00007fda4a808800 flushing nmethod 0x000000011ae37dd0
Event: 3857.123 Thread 0x00007fda4a808800 flushing nmethod 0x000000011ae6b150
Event: 3857.277 Thread 0x00007fda3e062800 Thread added: 0x00007fda3e062800
Event: 3857.277 Executing VM operation: RevokeBias
Event: 3857.278 Executing VM operation: RevokeBias done
Event: 3857.389 Executing VM operation: RevokeBias
Event: 3857.389 Executing VM operation: RevokeBias done
Event: 3857.389 Executing VM operation: RevokeBias
Event: 3857.389 Executing VM operation: RevokeBias done
Event: 3857.391 Executing VM operation: ParallelGCFailedAllocation


Dynamic libraries:
0x000000001b704000 	/System/Library/Frameworks/Cocoa.framework/Versions/A/Cocoa
0x000000001b704000 	/System/Library/Frameworks/Security.framework/Versions/A/Security
0x000000001b704000 	/System/Library/Frameworks/ApplicationServices.framework/Versions/A/ApplicationServices
0x000000001b704000 	/usr/lib/libz.1.dylib
0x000000001b704000 	/usr/lib/libSystem.B.dylib
0x000000001b704000 	/usr/lib/libobjc.A.dylib
0x000000001b704000 	/System/Library/Frameworks/Foundation.framework/Versions/C/Foundation
0x000000001b704000 	/System/Library/Frameworks/CoreFoundation.framework/Versions/A/CoreFoundation
0x000000001b704000 	/System/Library/Frameworks/AppKit.framework/Versions/C/AppKit
0x000000001b704000 	/System/Library/Frameworks/CoreData.framework/Versions/A/CoreData
0x000000001b704000 	/System/Library/PrivateFrameworks/RemoteViewServices.framework/Versions/A/RemoteViewServices
0x000000001b704000 	/System/Library/PrivateFrameworks/UIFoundation.framework/Versions/A/UIFoundation
0x000000001b704000 	/System/Library/PrivateFrameworks/DFRFoundation.framework/Versions/A/DFRFoundation
0x000000001b704000 	/System/Library/Frameworks/Metal.framework/Versions/A/Metal
0x000000001b704000 	/System/Library/PrivateFrameworks/DesktopServicesPriv.framework/Versions/A/DesktopServicesPriv
0x000000001b704000 	/usr/lib/libenergytrace.dylib
0x000000001b704000 	/System/Library/PrivateFrameworks/SkyLight.framework/Versions/A/SkyLight
0x000000001b704000 	/System/Library/Frameworks/CoreGraphics.framework/Versions/A/CoreGraphics
0x000000001b704000 	/usr/lib/libScreenReader.dylib
0x000000001b704000 	/System/Library/Frameworks/Accelerate.framework/Versions/A/Accelerate
0x000000001b704000 	/System/Library/Frameworks/IOSurface.framework/Versions/A/IOSurface
0x000000001b704000 	/System/Library/Frameworks/AudioToolbox.framework/Versions/A/AudioToolbox
0x000000001b704000 	/System/Library/Frameworks/AudioUnit.framework/Versions/A/AudioUnit
0x000000001b704000 	/System/Library/PrivateFrameworks/DataDetectorsCore.framework/Versions/A/DataDetectorsCore
0x000000001b704000 	/System/Library/Frameworks/Carbon.framework/Versions/A/Frameworks/HIToolbox.framework/Versions/A/HIToolbox
0x000000001b704000 	/usr/lib/libicucore.A.dylib
0x000000001b704000 	/System/Library/Frameworks/QuartzCore.framework/Versions/A/QuartzCore
0x000000001b704000 	/System/Library/Frameworks/Carbon.framework/Versions/A/Frameworks/SpeechRecognition.framework/Versions/A/SpeechRecognition
0x000000001b704000 	/usr/lib/libauto.dylib
0x000000001b704000 	/usr/lib/libxml2.2.dylib
0x000000001b704000 	/System/Library/PrivateFrameworks/CoreUI.framework/Versions/A/CoreUI
0x000000001b704000 	/System/Library/Frameworks/CoreAudio.framework/Versions/A/CoreAudio
0x000000001b704000 	/System/Library/Frameworks/DiskArbitration.framework/Versions/A/DiskArbitration
0x000000001b704000 	/usr/lib/liblangid.dylib
0x000000001b704000 	/System/Library/PrivateFrameworks/MultitouchSupport.framework/Versions/A/MultitouchSupport
0x000000001b704000 	/System/Library/Frameworks/IOKit.framework/Versions/A/IOKit
0x000000001b704000 	/usr/lib/libDiagnosticMessagesClient.dylib
0x000000001b704000 	/System/Library/Frameworks/CoreServices.framework/Versions/A/CoreServices
0x000000001b704000 	/System/Library/PrivateFrameworks/PerformanceAnalysis.framework/Versions/A/PerformanceAnalysis
0x000000001b704000 	/System/Library/Frameworks/OpenGL.framework/Versions/A/OpenGL
0x000000001b704000 	/System/Library/Frameworks/ColorSync.framework/Versions/A/ColorSync
0x000000001b704000 	/System/Library/Frameworks/CoreImage.framework/Versions/A/CoreImage
0x000000001b704000 	/System/Library/Frameworks/CoreText.framework/Versions/A/CoreText
0x000000001b704000 	/System/Library/Frameworks/ImageIO.framework/Versions/A/ImageIO
0x000000001b704000 	/System/Library/PrivateFrameworks/Backup.framework/Versions/A/Backup
0x000000001b704000 	/usr/lib/libarchive.2.dylib
0x000000001b704000 	/System/Library/Frameworks/CFNetwork.framework/Versions/A/CFNetwork
0x000000001b704000 	/System/Library/Frameworks/SystemConfiguration.framework/Versions/A/SystemConfiguration
0x000000001b704000 	/usr/lib/libCRFSuite.dylib
0x000000001b704000 	/usr/lib/libc++.1.dylib
0x000000001b704000 	/usr/lib/libc++abi.dylib
0x000000001b704000 	/usr/lib/system/libcache.dylib
0x000000001b704000 	/usr/lib/system/libcommonCrypto.dylib
0x000000001b704000 	/usr/lib/system/libcompiler_rt.dylib
0x000000001b704000 	/usr/lib/system/libcopyfile.dylib
0x000000001b704000 	/usr/lib/system/libcorecrypto.dylib
0x000000001b704000 	/usr/lib/system/libdispatch.dylib
0x000000001b704000 	/usr/lib/system/libdyld.dylib
0x000000001b704000 	/usr/lib/system/libkeymgr.dylib
0x000000001b704000 	/usr/lib/system/liblaunch.dylib
0x000000001b704000 	/usr/lib/system/libmacho.dylib
0x000000001b704000 	/usr/lib/system/libquarantine.dylib
0x000000001b704000 	/usr/lib/system/libremovefile.dylib
0x000000001b704000 	/usr/lib/system/libsystem_asl.dylib
0x000000001b704000 	/usr/lib/system/libsystem_blocks.dylib
0x000000001b704000 	/usr/lib/system/libsystem_c.dylib
0x000000001b704000 	/usr/lib/system/libsystem_configuration.dylib
0x000000001b704000 	/usr/lib/system/libsystem_coreservices.dylib
0x000000001b704000 	/usr/lib/system/libsystem_darwin.dylib
0x000000001b704000 	/usr/lib/system/libsystem_dnssd.dylib
0x000000001b704000 	/usr/lib/system/libsystem_info.dylib
0x000000001b704000 	/usr/lib/system/libsystem_m.dylib
0x000000001b704000 	/usr/lib/system/libsystem_malloc.dylib
0x000000001b704000 	/usr/lib/system/libsystem_network.dylib
0x000000001b704000 	/usr/lib/system/libsystem_networkextension.dylib
0x000000001b704000 	/usr/lib/system/libsystem_notify.dylib
0x000000001b704000 	/usr/lib/system/libsystem_sandbox.dylib
0x000000001b704000 	/usr/lib/system/libsystem_secinit.dylib
0x000000001b704000 	/usr/lib/system/libsystem_kernel.dylib
0x000000001b704000 	/usr/lib/system/libsystem_platform.dylib
0x000000001b704000 	/usr/lib/system/libsystem_pthread.dylib
0x000000001b704000 	/usr/lib/system/libsystem_symptoms.dylib
0x000000001b704000 	/usr/lib/system/libsystem_trace.dylib
0x000000001b704000 	/usr/lib/system/libunwind.dylib
0x000000001b704000 	/usr/lib/system/libxpc.dylib
0x000000001b704000 	/usr/lib/closure/libclosured.dylib
0x000000001b704000 	/usr/lib/libbsm.0.dylib
0x000000001b704000 	/usr/lib/system/libkxld.dylib
0x000000001b704000 	/usr/lib/libOpenScriptingUtil.dylib
0x000000001b704000 	/usr/lib/libcoretls.dylib
0x000000001b704000 	/usr/lib/libcoretls_cfhelpers.dylib
0x000000001b704000 	/usr/lib/libpam.2.dylib
0x000000001b704000 	/usr/lib/libsqlite3.dylib
0x000000001b704000 	/usr/lib/libxar.1.dylib
0x000000001b704000 	/usr/lib/libbz2.1.0.dylib
0x000000001b704000 	/usr/lib/liblzma.5.dylib
0x000000001b704000 	/usr/lib/libnetwork.dylib
0x000000001b704000 	/usr/lib/libapple_nghttp2.dylib
0x000000001b704000 	/usr/lib/libpcap.A.dylib
0x000000001b704000 	/usr/lib/libboringssl.dylib
0x000000001b704000 	/usr/lib/libusrtcp.dylib
0x000000001b704000 	/usr/lib/libapple_crypto.dylib
0x000000001b704000 	/System/Library/Frameworks/CoreServices.framework/Versions/A/Frameworks/FSEvents.framework/Versions/A/FSEvents
0x000000001b704000 	/System/Library/Frameworks/CoreServices.framework/Versions/A/Frameworks/CarbonCore.framework/Versions/A/CarbonCore
0x000000001b704000 	/System/Library/Frameworks/CoreServices.framework/Versions/A/Frameworks/Metadata.framework/Versions/A/Metadata
0x000000001b704000 	/System/Library/Frameworks/CoreServices.framework/Versions/A/Frameworks/OSServices.framework/Versions/A/OSServices
0x000000001b704000 	/System/Library/Frameworks/CoreServices.framework/Versions/A/Frameworks/SearchKit.framework/Versions/A/SearchKit
0x000000001b704000 	/System/Library/Frameworks/CoreServices.framework/Versions/A/Frameworks/AE.framework/Versions/A/AE
0x000000001b704000 	/System/Library/Frameworks/CoreServices.framework/Versions/A/Frameworks/LaunchServices.framework/Versions/A/LaunchServices
0x000000001b704000 	/System/Library/Frameworks/CoreServices.framework/Versions/A/Frameworks/DictionaryServices.framework/Versions/A/DictionaryServices
0x000000001b704000 	/System/Library/Frameworks/CoreServices.framework/Versions/A/Frameworks/SharedFileList.framework/Versions/A/SharedFileList
0x000000001b704000 	/System/Library/Frameworks/NetFS.framework/Versions/A/NetFS
0x000000001b704000 	/System/Library/PrivateFrameworks/NetAuth.framework/Versions/A/NetAuth
0x000000001b704000 	/System/Library/PrivateFrameworks/login.framework/Versions/A/Frameworks/loginsupport.framework/Versions/A/loginsupport
0x000000001b704000 	/System/Library/PrivateFrameworks/TCC.framework/Versions/A/TCC
0x000000001b704000 	/usr/lib/libmecabra.dylib
0x000000001b704000 	/System/Library/Frameworks/ApplicationServices.framework/Versions/A/Frameworks/ATS.framework/Versions/A/ATS
0x000000001b704000 	/System/Library/Frameworks/ApplicationServices.framework/Versions/A/Frameworks/ColorSyncLegacy.framework/Versions/A/ColorSyncLegacy
0x000000001b704000 	/System/Library/Frameworks/ApplicationServices.framework/Versions/A/Frameworks/HIServices.framework/Versions/A/HIServices
0x000000001b704000 	/System/Library/Frameworks/ApplicationServices.framework/Versions/A/Frameworks/LangAnalysis.framework/Versions/A/LangAnalysis
0x000000001b704000 	/System/Library/Frameworks/ApplicationServices.framework/Versions/A/Frameworks/PrintCore.framework/Versions/A/PrintCore
0x000000001b704000 	/System/Library/Frameworks/ApplicationServices.framework/Versions/A/Frameworks/QD.framework/Versions/A/QD
0x000000001b704000 	/System/Library/Frameworks/ApplicationServices.framework/Versions/A/Frameworks/SpeechSynthesis.framework/Versions/A/SpeechSynthesis
0x000000001b704000 	/System/Library/Frameworks/CoreDisplay.framework/Versions/A/CoreDisplay
0x000000001b704000 	/System/Library/Frameworks/Accelerate.framework/Versions/A/Frameworks/vImage.framework/Versions/A/vImage
0x000000001b704000 	/System/Library/Frameworks/Accelerate.framework/Versions/A/Frameworks/vecLib.framework/Versions/A/vecLib
0x000000001b704000 	/System/Library/Frameworks/Accelerate.framework/Versions/A/Frameworks/vecLib.framework/Versions/A/libvDSP.dylib
0x000000001b704000 	/System/Library/Frameworks/Accelerate.framework/Versions/A/Frameworks/vecLib.framework/Versions/A/libBNNS.dylib
0x000000001b704000 	/System/Library/Frameworks/Accelerate.framework/Versions/A/Frameworks/vecLib.framework/Versions/A/libQuadrature.dylib
0x000000001b704000 	/System/Library/Frameworks/Accelerate.framework/Versions/A/Frameworks/vecLib.framework/Versions/A/libvMisc.dylib
0x000000001b704000 	/System/Library/Frameworks/Accelerate.framework/Versions/A/Frameworks/vecLib.framework/Versions/A/libLAPACK.dylib
0x000000001b704000 	/System/Library/Frameworks/Accelerate.framework/Versions/A/Frameworks/vecLib.framework/Versions/A/libBLAS.dylib
0x000000001b704000 	/System/Library/Frameworks/Accelerate.framework/Versions/A/Frameworks/vecLib.framework/Versions/A/libLinearAlgebra.dylib
0x000000001b704000 	/System/Library/Frameworks/Accelerate.framework/Versions/A/Frameworks/vecLib.framework/Versions/A/libSparse.dylib
0x000000001b704000 	/System/Library/Frameworks/Accelerate.framework/Versions/A/Frameworks/vecLib.framework/Versions/A/libSparseBLAS.dylib
0x000000001b704000 	/System/Library/PrivateFrameworks/IOAccelerator.framework/Versions/A/IOAccelerator
0x000000001b704000 	/System/Library/PrivateFrameworks/IOPresentment.framework/Versions/A/IOPresentment
0x000000001b704000 	/System/Library/PrivateFrameworks/DSExternalDisplay.framework/Versions/A/DSExternalDisplay
0x000000001b704000 	/System/Library/Frameworks/OpenGL.framework/Versions/A/Libraries/libCoreFSCache.dylib
0x000000001b704000 	/System/Library/Frameworks/CoreVideo.framework/Versions/A/CoreVideo
0x000000001b704000 	/System/Library/PrivateFrameworks/GraphVisualizer.framework/Versions/A/GraphVisualizer
0x000000001b704000 	/System/Library/Frameworks/MetalPerformanceShaders.framework/Versions/A/MetalPerformanceShaders
0x000000001b704000 	/usr/lib/libFosl_dynamic.dylib
0x000000001b704000 	/System/Library/PrivateFrameworks/FaceCore.framework/Versions/A/FaceCore
0x000000001b704000 	/System/Library/Frameworks/OpenCL.framework/Versions/A/OpenCL
0x000000001b704000 	/usr/lib/libcompression.dylib
0x000000001b704000 	/System/Library/Frameworks/ApplicationServices.framework/Versions/A/Frameworks/ATS.framework/Versions/A/Resources/libFontParser.dylib
0x000000001b704000 	/System/Library/Frameworks/ApplicationServices.framework/Versions/A/Frameworks/ATS.framework/Versions/A/Resources/libFontRegistry.dylib
0x000000001b704000 	/System/Library/Frameworks/ImageIO.framework/Versions/A/Resources/libJPEG.dylib
0x000000001b704000 	/System/Library/Frameworks/ImageIO.framework/Versions/A/Resources/libTIFF.dylib
0x000000001b704000 	/System/Library/Frameworks/ImageIO.framework/Versions/A/Resources/libPng.dylib
0x000000001b704000 	/System/Library/Frameworks/ImageIO.framework/Versions/A/Resources/libGIF.dylib
0x000000001b704000 	/System/Library/Frameworks/ImageIO.framework/Versions/A/Resources/libJP2.dylib
0x000000001b704000 	/System/Library/Frameworks/ImageIO.framework/Versions/A/Resources/libRadiance.dylib
0x000000001b704000 	/System/Library/PrivateFrameworks/AppleJPEG.framework/Versions/A/AppleJPEG
0x000000001b704000 	/System/Library/PrivateFrameworks/MetalTools.framework/Versions/A/MetalTools
0x000000001b704000 	/System/Library/Frameworks/MetalPerformanceShaders.framework/Frameworks/MPSCore.framework/Versions/A/MPSCore
0x000000001b704000 	/System/Library/Frameworks/MetalPerformanceShaders.framework/Frameworks/MPSImage.framework/Versions/A/MPSImage
0x000000001b704000 	/System/Library/Frameworks/MetalPerformanceShaders.framework/Frameworks/MPSMatrix.framework/Versions/A/MPSMatrix
0x000000001b704000 	/System/Library/Frameworks/MetalPerformanceShaders.framework/Frameworks/MPSNeuralNetwork.framework/Versions/A/MPSNeuralNetwork
0x000000001b704000 	/System/Library/Frameworks/OpenGL.framework/Versions/A/Libraries/libGLU.dylib
0x000000001b704000 	/System/Library/Frameworks/OpenGL.framework/Versions/A/Libraries/libGFXShared.dylib
0x000000001b704000 	/System/Library/Frameworks/OpenGL.framework/Versions/A/Libraries/libGL.dylib
0x000000001b704000 	/System/Library/Frameworks/OpenGL.framework/Versions/A/Libraries/libGLImage.dylib
0x000000001b704000 	/System/Library/Frameworks/OpenGL.framework/Versions/A/Libraries/libCVMSPluginSupport.dylib
0x000000001b704000 	/System/Library/Frameworks/OpenGL.framework/Versions/A/Libraries/libCoreVMClient.dylib
0x000000001b704000 	/usr/lib/libcups.2.dylib
0x000000001b704000 	/System/Library/Frameworks/Kerberos.framework/Versions/A/Kerberos
0x000000001b704000 	/System/Library/Frameworks/GSS.framework/Versions/A/GSS
0x000000001b704000 	/usr/lib/libresolv.9.dylib
0x000000001b704000 	/usr/lib/libiconv.2.dylib
0x000000001b704000 	/System/Library/PrivateFrameworks/Heimdal.framework/Versions/A/Heimdal
0x000000001b704000 	/usr/lib/libheimdal-asn1.dylib
0x000000001b704000 	/System/Library/Frameworks/OpenDirectory.framework/Versions/A/OpenDirectory
0x000000001b704000 	/System/Library/PrivateFrameworks/CommonAuth.framework/Versions/A/CommonAuth
0x000000001b704000 	/System/Library/Frameworks/OpenDirectory.framework/Versions/A/Frameworks/CFOpenDirectory.framework/Versions/A/CFOpenDirectory
0x000000001b704000 	/System/Library/Frameworks/SecurityFoundation.framework/Versions/A/SecurityFoundation
0x000000001b704000 	/System/Library/PrivateFrameworks/APFS.framework/Versions/A/APFS
0x000000001b704000 	/usr/lib/libutil.dylib
0x000000001b704000 	/System/Library/PrivateFrameworks/AppleSauce.framework/Versions/A/AppleSauce
0x000000001b704000 	/System/Library/PrivateFrameworks/LinguisticData.framework/Versions/A/LinguisticData
0x000000001b704000 	/usr/lib/libmarisa.dylib
0x000000001b704000 	/System/Library/PrivateFrameworks/Lexicon.framework/Versions/A/Lexicon
0x000000001b704000 	/usr/lib/libChineseTokenizer.dylib
0x000000001b704000 	/usr/lib/libcmph.dylib
0x000000001b704000 	/System/Library/PrivateFrameworks/LanguageModeling.framework/Versions/A/LanguageModeling
0x000000001b704000 	/System/Library/PrivateFrameworks/CoreEmoji.framework/Versions/A/CoreEmoji
0x000000001b704000 	/System/Library/Frameworks/ServiceManagement.framework/Versions/A/ServiceManagement
0x000000001b704000 	/System/Library/PrivateFrameworks/BackgroundTaskManagement.framework/Versions/A/BackgroundTaskManagement
0x000000001b704000 	/usr/lib/libxslt.1.dylib
0x000000001b704000 	/System/Library/Frameworks/Carbon.framework/Versions/A/Frameworks/Ink.framework/Versions/A/Ink
0x000000001b704000 	/System/Library/PrivateFrameworks/TextureIO.framework/Versions/A/TextureIO
0x000000001b704000 	/usr/lib/libate.dylib
0x000000001b704000 	/System/Library/PrivateFrameworks/CrashReporterSupport.framework/Versions/A/CrashReporterSupport
0x000000001b704000 	/System/Library/PrivateFrameworks/Sharing.framework/Versions/A/Sharing
0x000000001b704000 	/System/Library/PrivateFrameworks/IconServices.framework/Versions/A/IconServices
0x000000001b704000 	/System/Library/PrivateFrameworks/ProtocolBuffer.framework/Versions/A/ProtocolBuffer
0x000000001b704000 	/System/Library/PrivateFrameworks/Apple80211.framework/Versions/A/Apple80211
0x000000001b704000 	/System/Library/Frameworks/CoreWLAN.framework/Versions/A/CoreWLAN
0x000000001b704000 	/System/Library/PrivateFrameworks/CoreUtils.framework/Versions/A/CoreUtils
0x000000001b704000 	/System/Library/Frameworks/IOBluetooth.framework/Versions/A/IOBluetooth
0x000000001b704000 	/System/Library/PrivateFrameworks/CoreWiFi.framework/Versions/A/CoreWiFi
0x000000001b704000 	/System/Library/Frameworks/CoreBluetooth.framework/Versions/A/CoreBluetooth
0x000000001b704000 	/System/Library/PrivateFrameworks/SignpostNotification.framework/Versions/A/SignpostNotification
0x000000001b704000 	/System/Library/PrivateFrameworks/DebugSymbols.framework/Versions/A/DebugSymbols
0x000000001b704000 	/System/Library/PrivateFrameworks/CoreSymbolication.framework/Versions/A/CoreSymbolication
0x000000001b704000 	/System/Library/PrivateFrameworks/Symbolication.framework/Versions/A/Symbolication
0x000000001b704000 	/System/Library/PrivateFrameworks/AppleFSCompression.framework/Versions/A/AppleFSCompression
0x000000001b704000 	/System/Library/PrivateFrameworks/SpeechRecognitionCore.framework/Versions/A/SpeechRecognitionCore
0x0000000110c00000 	/Applications/Android Studio.app/Contents/jre/jdk/Contents/Home/jre/lib/server/libjvm.dylib
0x000000001b704000 	/usr/lib/libstdc++.6.0.9.dylib
0x000000010fb77000 	/Applications/Android Studio.app/Contents/jre/jdk/Contents/Home/jre/lib/libverify.dylib
0x000000010fb84000 	/Applications/Android Studio.app/Contents/jre/jdk/Contents/Home/jre/lib/libjava.dylib
0x00000001116fe000 	/Applications/Android Studio.app/Contents/jre/jdk/Contents/Home/jre/lib/libzip.dylib
0x000000001b704000 	/System/Library/Frameworks/JavaVM.framework/Versions/A/Frameworks/JavaRuntimeSupport.framework/Versions/A/JavaRuntimeSupport
0x000000001b704000 	/System/Library/Frameworks/JavaVM.framework/Versions/A/Frameworks/JavaNativeFoundation.framework/Versions/A/JavaNativeFoundation
0x000000001b704000 	/System/Library/Frameworks/JavaVM.framework/Versions/A/JavaVM
0x000000001b704000 	/System/Library/Frameworks/Carbon.framework/Versions/A/Carbon
0x000000001b704000 	/System/Library/PrivateFrameworks/JavaLaunching.framework/Versions/A/JavaLaunching
0x000000001b704000 	/System/Library/Frameworks/Carbon.framework/Versions/A/Frameworks/CommonPanels.framework/Versions/A/CommonPanels
0x000000001b704000 	/System/Library/Frameworks/Carbon.framework/Versions/A/Frameworks/Help.framework/Versions/A/Help
0x000000001b704000 	/System/Library/Frameworks/Carbon.framework/Versions/A/Frameworks/ImageCapture.framework/Versions/A/ImageCapture
0x000000001b704000 	/System/Library/Frameworks/Carbon.framework/Versions/A/Frameworks/OpenScripting.framework/Versions/A/OpenScripting
0x000000001b704000 	/System/Library/Frameworks/Carbon.framework/Versions/A/Frameworks/Print.framework/Versions/A/Print
0x000000001b704000 	/System/Library/Frameworks/Carbon.framework/Versions/A/Frameworks/SecurityHI.framework/Versions/A/SecurityHI
0x0000000128b13000 	/Applications/Android Studio.app/Contents/jre/jdk/Contents/Home/jre/lib/libnet.dylib
0x0000000128b2a000 	/Applications/Android Studio.app/Contents/jre/jdk/Contents/Home/jre/lib/libnio.dylib
0x0000000128b3a000 	/Users/santiagoalbertokirk/.gradle/native/23/osx-amd64/libnative-platform.dylib
0x0000000128dea000 	/Applications/Android Studio.app/Contents/jre/jdk/Contents/Home/jre/lib/libmanagement.dylib
0x00000001288f3000 	/Applications/Android Studio.app/Contents/jre/jdk/Contents/Home/jre/lib/libsunec.dylib

VM Arguments:
jvm_args: -Xmx1536m -Dfile.encoding=UTF-8 -Duser.country=XL -Duser.language=es -Duser.variant 
java_command: org.gradle.launcher.daemon.bootstrap.GradleDaemon 3.3
java_class_path (initial): /Users/santiagoalbertokirk/.gradle/wrapper/dists/gradle-3.3-all/55gk2rcmfc6p2dg9u9ohc3hw9/gradle-3.3/lib/gradle-launcher-3.3.jar
Launcher Type: SUN_STANDARD

Environment Variables:
PATH=/usr/bin:/bin:/usr/sbin:/sbin
SHELL=/bin/bash

Signal Handlers:
SIGSEGV: [libjvm.dylib+0x57e9cd], sa_mask[0]=11111111011111110111111111111111, sa_flags=SA_ONSTACK|SA_RESTART|SA_SIGINFO
SIGBUS: [libjvm.dylib+0x57e9cd], sa_mask[0]=11111111011111110111111111111111, sa_flags=SA_RESTART|SA_SIGINFO
SIGFPE: [libjvm.dylib+0x45951c], sa_mask[0]=11111111011111110111111111111111, sa_flags=SA_RESTART|SA_SIGINFO
SIGPIPE: [libjvm.dylib+0x45951c], sa_mask[0]=11111111011111110111111111111111, sa_flags=SA_RESTART|SA_SIGINFO
SIGXFSZ: [libjvm.dylib+0x45951c], sa_mask[0]=11111111011111110111111111111111, sa_flags=SA_RESTART|SA_SIGINFO
SIGILL: [libjvm.dylib+0x45951c], sa_mask[0]=11111111011111110111111111111111, sa_flags=SA_RESTART|SA_SIGINFO
SIGUSR1: SIG_DFL, sa_mask[0]=00000000000000000000000000000000, sa_flags=none
SIGUSR2: [libjvm.dylib+0x45903a], sa_mask[0]=00100000000000000000000000000000, sa_flags=SA_RESTART|SA_SIGINFO
SIGHUP: [libjvm.dylib+0x457611], sa_mask[0]=11111111011111110111111111111111, sa_flags=SA_RESTART|SA_SIGINFO
SIGINT: [libjvm.dylib+0x457611], sa_mask[0]=11111111011111110111111111111111, sa_flags=SA_RESTART|SA_SIGINFO
SIGTERM: [libjvm.dylib+0x457611], sa_mask[0]=11111111011111110111111111111111, sa_flags=SA_RESTART|SA_SIGINFO
SIGQUIT: [libjvm.dylib+0x457611], sa_mask[0]=11111111011111110111111111111111, sa_flags=SA_RESTART|SA_SIGINFO


---------------  S Y S T E M  ---------------

OS:Bsduname:Darwin 17.0.0 Darwin Kernel Version 17.0.0: Thu Aug 24 21:48:19 PDT 2017; root:xnu-4570.1.46~2/RELEASE_X86_64 x86_64
rlimit: STACK 8192k, CORE 0k, NPROC 1418, NOFILE 10240, AS infinity
load average:2.28 2.65 2.55

CPU:total 8 (4 cores per cpu, 2 threads per core) family 6 model 58 stepping 9, cmov, cx8, fxsr, mmx, sse, sse2, sse3, ssse3, sse4.1, sse4.2, popcnt, avx, aes, clmul, erms, ht, tsc, tscinvbit, tscinv

Memory: 4k page, physical 16777216k(612784k free)

/proc/meminfo:


vm_info: OpenJDK 64-Bit Server VM (25.112-b06) for bsd-amd64 JRE (1.8.0_112-release-b06), built on Dec  6 2016 12:18:58 by "builder" with gcc 4.2.1 (Based on Apple Inc. build 5658) (LLVM build 2336.11.00)

time: Sat Nov  4 16:03:58 2017
elapsed time: 3857 seconds (0d 1h 4m 17s)

